---------------------------------------------------
M.U.G.E.N ver 1.1.0 Beta 1 P1 (2013.08.11) status log
---------------------------------------------------
Parsing command line...
Command line: C:\Users\Wayne 2.0\Documents\GitHub\Anime Mugen\Anime-Mugen\mugen.exe
Parse command line OK
Initializing...
Allocating game variables
Reading configuration file...Setting language "en".
OK
Initializing timer...performance timer enabled...frequency 10000000...OK
Initializing keyboard...configuring...OK
Initializing input engine...OK
Initializing sound...OK
Initializing BGM...  OK
Initializing graphics...gameCoord 1280x720...render mode 2_20...trying 1280x720x32 mode 0x0...success...OK
Setting callbacks...OK
Initializing font...OK
Initializing game variables...OK
Session RNG seed is 1686856348
Loading system fonts...OK
Loading options...
Initializing pads...failed
Reinitializing input engine...OK
Remapping keys...OK
Reinitializing input engine...OK
Options loaded OK
Loading system...
  Load system file system.def...OK
  Load system spr...OK
  Load system snd...OK
  Load system fonts...OK
  Load system anim...OK
  Load [Title Info]...OK
  Load [Option Info]...OK
  Load [Select Info]...OK
  Load [VS Screen]...OK
  Load [Victory Screen]...OK
  Load [Demo Mode]...OK
  Load [Continue Screen]...OK
  Load [Game Over Screen]...OK
  Load [Win Screen]...OK
  Load [Survival Results Screen]...OK
  Load [Default Ending]...OK
  Load [End Credits]...OK
  Load TitleBG...VersusBG...VictoryBG...SelectBG...OptionBG...OK
  Loading fight data
    Opening fight data file data/mugen1/fight.def...OK
    Reading [Files]...OK
    Loading fonts...OK
    Load fight anim...OK
    Reading [Lifebar]...[Turns Lifebar]...[Simul Lifebar]...[Powerbar]...
    [Face]...[Simul Face]...[Turns Face]...
    [Name]...[Simul Name]...[Turns Name]...
    [Time]...[Combo]...[Round]...[WinIcon]...OK
    Allocating explods...OK
  Fight data loaded OK
Lua initing
Lua init complete
System loaded OK
Initialize OK
Set up graphics...timer...OK

Entering gameflow loop
Gameflow 0
Gameflow 1
Gameflow 2
Initializing character info...OK
Initializing select screen...finding characters...
  Error reading character file: chars//.def
OK
Gameflow 3
Gameflow 4
Entering mode select.
Unloading match assets
Freeing players
Game loop init
Mode select init
End of mode select loop
Game loop deinit
Gameflow 5
Entering options screen.
Unloading match assets
Freeing players
Game loop init
Options screen init
Config keys menu
Setting up input
Remapping keys...OK
Reinitializing input engine...OK
Return from config keys menu
End of options screen loop
Game loop deinit
Gameflow 4
Entering mode select.
Unloading match assets
Freeing players
Game loop init
Mode select init
End of mode select loop
Game loop deinit
Gameflow 6
Reset persist vars team 0
Reset persist vars team 1
Gameflow 7
Entering character select.
Unloading match assets
Freeing players
Game loop init
Unreserved all palettes
Charsel init
Selected char 9 on teamslot 0.0
Char BuuZ2.def (9) request pal 0 FFF (FFF) -> reserved 0 (FFE)
End of charsel loop
Game loop deinit
Gameflow 8
Char Android 19.def (4) request pal 8 1 (1) -> reserved 0 (0)
Gameflow 9
Gameflow 10
Entering versus screen.
Unloading match assets
Freeing players
Game loop init
Versus screen init
End of versus screen loop
Game loop deinit
Gameflow 11
Loading match assets...
Loading stage...
  Loading BG...OK
Stage loaded OK
  Allocating helpers...OK
Match RNG seed: 632593574
Reset persist vars team 1
Loading character chars/BuuZ2/BuuZ2.def...
  Loading info...OK
  Loading cmd command set files\buu.mfg...OK
  Loading cns states\constants.cns...OK
  Loading cns states\helpers.cns...OK
  Loading cns states\state-2-3.cns...OK
  Loading cns states\override.cns...OK
  Loading cns config.txt...OK
  Loading cns states\normals.cns...OK
  Loading cns states\specials.cns...OK
  Loading cns states\supers.cns...OK
  Loading cmd state entry files\buu.mfg...OK
  Loading common states common1.cns...OK
  Loading sff files\buu.sff...OK
  Loading anim files\buu.air...OK
  Loading snd files\buu.snd...OK
  Loading pals...OK
  30916 expressions (10604 on trigger lines)
Character BuuZ2.def loaded OK
New char Buu Z2 loaded into cache: (1/4 cached) Load time: 2450.000ms
Loading character chars/Android 19/Android 19.def...
  Loading info...Info: C-19 loading in pre-1.0 compatible mode
OK
  Loading cmd command set Android19.cmd...OK
  Loading cns Android19.cns...OK
  Loading cmd state entry Android19.cmd...OK
  Loading common states common1.cns...OK
  Loading sff Android19.sff...OK
  Loading anim Android19.air...OK
  Loading snd Android19.snd...OK
  Loading pals...(1,1)OK
  8180 expressions (2754 on trigger lines)
Character Android 19.def loaded OK
New char Android19 by Szowel loaded into cache: (2/4 cached) Load time: 660.000ms
Resetting round
Match assets initialized OK
Game loop init
Match loop init
End of match loop
Total time: 30.48s
Total frames: 1830 	Skipped frames: 0
Avg game rate: 60.04
Avg frame rate: 60.04

Finishing match
Freeing players
Save persist vars P56 Buu Z2
Player Buu Z2 cache count reduced: 0
Save persist vars P57 Android19 by Szowel
Player Android19 by Szowel cache count reduced: 0
Match RNG closed
Game loop deinit
Gameflow 6
Reset persist vars team 0
Reset persist vars team 1
Gameflow 7
Entering character select.
Unloading match assets
Freeing players
Unloading stage...OK
Game loop init
Unreserved all palettes
Charsel init
Game loop deinit
Canceled character select.
Gameflow 4
Entering mode select.
Unloading match assets
Freeing players
Game loop init
Mode select init
End of mode select loop
Game loop deinit
Gameflow 6
Reset persist vars team 0
Reset persist vars team 1
Gameflow 7
Entering character select.
Unloading match assets
Freeing players
Game loop init
Unreserved all palettes
Charsel init
Selected char 1 on teamslot 0.0
Char Android 13.def (1) request pal 0 1 (1) -> reserved 0 (0)
Game loop deinit
Canceled character select.
Gameflow 4
Entering mode select.
Unloading match assets
Freeing players
Game loop init
Mode select init
End of mode select loop
Game loop deinit
Gameflow 6
Reset persist vars team 0
Reset persist vars team 1
Gameflow 7
Entering character select.
Unloading match assets
Freeing players
Game loop init
Unreserved all palettes
Charsel init
Selected char 1 on teamslot 0.0
Char Android 13.def (1) request pal 0 1 (1) -> reserved 0 (0)
Selected char 2 on teamslot 1.0
Char android16.def (2) request pal 0 3F (3F) -> reserved 0 (3E)
End of charsel loop
Game loop deinit
Gameflow 8
Gameflow 9
Gameflow 10
Entering versus screen.
Unloading match assets
Freeing players
Game loop init
Versus screen init
End of versus screen loop
Game loop deinit
Gameflow 11
Loading match assets...
Loading stage...
  Loading BG...OK
Stage loaded OK
  Allocating helpers...OK
Match RNG seed: 828934205
Reset persist vars team 0
Reset persist vars team 1
Loading character chars/Android 13/Android 13.def...
  Loading info...Info: C-13 loading in pre-1.0 compatible mode
OK
  Loading cmd command set Androide13.cmd...OK
  Loading cns Androide13.cns...OK
  Loading cns Super_13.cns...OK
  Loading cns Androide13_IA.cns...OK
  Loading cmd state entry Androide13.cmd...OK
  Loading common states common1.cns...OK
  Loading sff Androide13.sff...OK
  Loading anim Androide13.air...OK
  Loading snd Androide13.snd...OK
  Loading pals...(1,1)OK
  SFF v1.01 palette hack engaged.
  17746 expressions (5271 on trigger lines)
Character Android 13.def loaded OK
New char Androide13 By Team DBZ OS loaded into cache: (3/4 cached) Load time: 950.000ms
Loading character chars/android16/android16.def...
  Loading info...Info: Android 16 loading in pre-1.0 compatible mode
OK
  Loading cmd command set android16.cmd...OK
  Loading cns android16.cns...OK
  Loading cns attack.cns...OK
  Loading cns special.cns...OK
  Loading cns hyper.cns...OK
  Loading cmd state entry android16.cmd...OK
  Loading common states common1.cns...OK
  Loading sff android16.sff...OK
  Loading anim android16.air...OK
  Loading snd android16.snd...OK
  Loading pals...(1,1)(1,2)(1,3)(1,4)(1,5)(1,6)OK
  SFF v1.01 palette hack engaged.
  7630 expressions (2467 on trigger lines)
Character android16.def loaded OK
New char Android 16 loaded into cache: (4/4 cached) Load time: 340.000ms
Resetting round
Match assets initialized OK
Game loop init
Match loop init
End of match loop
Total time: 3936.59s
Total frames: 235432 	Skipped frames: 4133
Avg game rate: 59.81
Avg frame rate: 58.76

Finishing match
Freeing players
Save persist vars P56 Androide13 By Team DBZ OS
Player Androide13 By Team DBZ OS cache count reduced: 0
Save persist vars P57 Android 16
Player Android 16 cache count reduced: 0
Match RNG closed
Game loop deinit
Gameflow 6
Reset persist vars team 0
Reset persist vars team 1
Gameflow 7
Entering character select.
Unloading match assets
Freeing players
Unloading stage...OK
Game loop init
Unreserved all palettes
Charsel init
Selected char 7 on teamslot 0.0
Char piccolo.def (7) request pal 0 3F (3F) -> reserved 0 (3E)
Selected char 2 on teamslot 1.0
Char android16.def (2) request pal 0 3F (3F) -> reserved 0 (3E)
End of charsel loop
Game loop deinit
Gameflow 8
Gameflow 9
Gameflow 10
Entering versus screen.
Unloading match assets
Freeing players
Game loop init
Versus screen init
End of versus screen loop
Game loop deinit
Gameflow 11
Loading match assets...
Loading stage...
  Loading BG...OK
Stage loaded OK
  Allocating helpers...OK
Match RNG seed: 1525521160
Reset persist vars team 0
Reset persist vars team 1
Player Android19 by Szowel purged from cache: 1
Freeing player RC Android19 by Szowel...CMD...CNS...SFF...AIR...SND...Misc...OK
Loading character chars/piccolo/piccolo.def...
  Loading info...Info: Piccolo loading in pre-1.0 compatible mode
OK
  Loading cmd command set piccolo.cmd...OK
  Loading cns piccolo.cns...OK
  Loading cns attack.cns...OK
  Loading cns special.cns...OK
  Loading cns hyper.cns...OK
  Loading cns AI.cns...OK
  Loading cmd state entry piccolo.cmd...OK
  Loading common states common1.cns...OK
  Loading sff piccolo.sff...OK
  Loading anim piccolo.air...OK
  Loading snd piccolo.snd...OK
  Loading pals...(1,1)(1,2)(1,3)(1,4)(1,5)(1,6)OK
  SFF v1.01 palette hack engaged.
  10088 expressions (3379 on trigger lines)
Character piccolo.def loaded OK
New char Piccolo loaded into cache: (4/4 cached) Load time: 410.000ms
Player Android 16 cache count increased: 1
Resetting round
Match assets initialized OK
Game loop init
Match loop init
End of match loop
Total time: 30.37s
Total frames: 1823 	Skipped frames: 0
Avg game rate: 60.03
Avg frame rate: 60.03

Finishing match
Freeing players
Save persist vars P56 Piccolo
Player Piccolo cache count reduced: 0
Save persist vars P57 Android 16
Player Android 16 cache count reduced: 0
Match RNG closed
Game loop deinit
Gameflow 6
Reset persist vars team 0
Reset persist vars team 1
Gameflow 7
Entering character select.
Unloading match assets
Freeing players
Unloading stage...OK
Game loop init
Unreserved all palettes
Charsel init
Selected char 6 on teamslot 0.0
Char frieza.def (6) request pal 4 FFF (FFF) -> reserved 4 (FEF)
Selected char 2 on teamslot 1.0
Char android16.def (2) request pal 4 3F (3F) -> reserved 4 (2F)
End of charsel loop
Game loop deinit
Gameflow 8
Gameflow 9
Gameflow 10
Entering versus screen.
Unloading match assets
Freeing players
Game loop init
Versus screen init
End of versus screen loop
Game loop deinit
Gameflow 11
Loading match assets...
Loading stage...
  Loading BG...OK
Stage loaded OK
  Allocating helpers...OK
Match RNG seed: 43936279
Reset persist vars team 0
Reset persist vars team 1
Player Androide13 By Team DBZ OS purged from cache: 2
Freeing player RC Androide13 By Team DBZ OS...CMD...CNS...SFF...AIR...SND...Misc...OK
Loading character chars/frieza/frieza.def...
  Loading info...Info: Frieza loading in pre-1.0 compatible mode
OK
  Loading cmd command set frieza.cmd...OK
  Loading cns frieza.cns...OK
  Loading cns attacks.cns...OK
  Loading cns specials.cns...OK
  Loading cns hypers.cns...OK
  Loading cmd state entry frieza.cmd...OK
  Loading common states common1.cns...OK
  Loading sff frieza.sff...OK
  Loading anim frieza.air...OK
  Loading snd frieza.snd...OK
  Loading pals...(1,1)(1,2)(1,3)(1,4)(1,5)(1,6)(1,7)(1,8)(1,9)(1,10)(1,11)(1,12)OK
  SFF v1.01 palette hack engaged.
  14062 expressions (5618 on trigger lines)
Character frieza.def loaded OK
New char Frieza loaded into cache: (4/4 cached) Load time: 410.000ms
Player Android 16 cache count increased: 1
Resetting round
Match assets initialized OK
Game loop init
Match loop init
End of match loop
Total time: 39.50s
Total frames: 2369 	Skipped frames: 1
Avg game rate: 59.97
Avg frame rate: 59.95

Finishing match
Freeing players
Save persist vars P56 Frieza
Player Frieza cache count reduced: 0
Save persist vars P57 Android 16
Player Android 16 cache count reduced: 0
Match RNG closed
Game loop deinit
Gameflow 6
Reset persist vars team 0
Reset persist vars team 1
Gameflow 7
Entering character select.
Unloading match assets
Freeing players
Unloading stage...OK
Game loop init
Unreserved all palettes
Charsel init
Selected char 5 on teamslot 0.0
Char cell.def (5) request pal 4 3F (3F) -> reserved 4 (2F)
Selected char 2 on teamslot 1.0
Char android16.def (2) request pal 4 3F (3F) -> reserved 4 (2F)
End of charsel loop
Game loop deinit
Gameflow 8
Gameflow 9
Gameflow 10
Entering versus screen.
Unloading match assets
Freeing players
Game loop init
Versus screen init
End of versus screen loop
Game loop deinit
Gameflow 11
Loading match assets...
Loading stage...
  Loading BG...OK
Stage loaded OK
  Allocating helpers...OK
Match RNG seed: 1776749063
Reset persist vars team 0
Reset persist vars team 1
Player Buu Z2 purged from cache: 2
Freeing player RC Buu Z2...CMD...CNS...SFF...AIR...SND...Misc...OK
Loading character chars/cell/cell.def...
  Loading info...Info: Perfect Cell loading in pre-1.0 compatible mode
OK
  Loading cmd command set cell.cmd...OK
  Loading cns cell.cns...OK
  Loading cns attack.cns...OK
  Loading cns special.cns...OK
  Loading cns hyper.cns...OK
  Loading cmd state entry cell.cmd...OK
  Loading common states common1.cns...OK
  Loading sff cell.sff...OK
  Loading anim cell.air...OK
  Loading snd cell.snd...OK
  Loading pals...(1,1)(1,2)(1,3)(1,4)(1,5)(1,6)OK
  SFF v1.01 palette hack engaged.
  9112 expressions (2996 on trigger lines)
Character cell.def loaded OK
New char Cell loaded into cache: (4/4 cached) Load time: 550.000ms
Player Android 16 cache count increased: 1
Resetting round
Match assets initialized OK
Game loop init
Match loop init
End of match loop
Total time: 65.48s
Total frames: 3923 	Skipped frames: 0
Avg game rate: 59.91
Avg frame rate: 59.91

Finishing match
Freeing players
Save persist vars P56 Cell
Player Cell cache count reduced: 0
Save persist vars P57 Android 16
Player Android 16 cache count reduced: 0
Match RNG closed
Game loop deinit
Gameflow 6
Reset persist vars team 0
Reset persist vars team 1
Gameflow 7
Entering character select.
Unloading match assets
Freeing players
Unloading stage...OK
Game loop init
Unreserved all palettes
Charsel init
Game loop deinit
Canceled character select.
Gameflow 4
Entering mode select.
Unloading match assets
Freeing players
Game loop init
Mode select init
End of mode select loop
Game loop deinit
Returned from gameflow loop
Deinitializing...
Frames      : 250599
Time elapsed: 4235.410 sec
ticks: 423541, tps: 100, start 516, end 424057

Unloading match assets
Freeing players
Clearing player cache...Freeing player RC Android 16...CMD...CNS...SFF...AIR...SND...Misc...OK
Freeing player RC Cell...CMD...CNS...SFF...AIR...SND...Misc...OK
Freeing player RC Frieza...CMD...CNS...SFF...AIR...SND...Misc...OK
Freeing player RC Piccolo...CMD...CNS...SFF...AIR...SND...Misc...OK
OK
Freeing character info...OK
Freeing select screen...OK
Freeing fight data...OK
Freeing system data...OK
Freeing game variables...Unloading match assets
Freeing players
OK
Deinitializing input...pad...keyboard...OK
Removing callbacks...OK
Deintializing timer...OK
Deinitializing graphics...OK
Deinitializing BGM...OK
Deinitializing sound...OK
Successful program termination.

Log file successfully closed.
